\BOOKMARK [0][-]{chapter.1}{\376\377\000D\000e\000f\000i\000n\000i\000t\000i\000o\000n\000s\000\040\000a\000n\000d\000\040\000r\000e\000s\000u\000l\000t\000s\000\040\000f\000r\000o\000m\000\040\000m\000a\000t\000h\000l\000i\000b}{}% 1
\BOOKMARK [1][-]{section.1.1}{\376\377\000S\000e\000t\000s\000,\000\040\000g\000r\000o\000u\000p\000s\000,\000\040\000a\000n\000d\000\040\000s\000u\000p\000p\000o\000r\000t\000s}{chapter.1}% 2
\BOOKMARK [1][-]{section.1.2}{\376\377\000C\000a\000r\000d\000i\000n\000a\000l\000s\000\040\000a\000n\000d\000\040\000o\000r\000d\000i\000n\000a\000l\000s}{chapter.1}% 3
\BOOKMARK [1][-]{section.1.3}{\376\377\000Q\000u\000i\000v\000e\000r\000s\000\040\000a\000n\000d\000\040\000p\000a\000t\000h\000s}{chapter.1}% 4
\BOOKMARK [0][-]{chapter.2}{\376\377\000T\000h\000e\000\040\000b\000a\000s\000e\000\040\000t\000y\000p\000e\000\040\000\050\000C\000o\000n\000N\000F\000.\000B\000a\000s\000e\000T\000y\000p\000e\000\051}{}% 5
\BOOKMARK [1][-]{section.2.1}{\376\377\000M\000o\000d\000e\000l\000\040\000p\000a\000r\000a\000m\000e\000t\000e\000r\000s}{chapter.2}% 6
\BOOKMARK [1][-]{section.2.2}{\376\377\000S\000m\000a\000l\000l\000n\000e\000s\000s}{chapter.2}% 7
\BOOKMARK [1][-]{section.2.3}{\376\377\000L\000i\000t\000t\000e\000r\000s}{chapter.2}% 8
\BOOKMARK [1][-]{section.2.4}{\376\377\000A\000t\000o\000m\000s}{chapter.2}% 9
\BOOKMARK [1][-]{section.2.5}{\376\377\000N\000e\000a\000r\000-\000l\000i\000t\000t\000e\000r\000s}{chapter.2}% 10
\BOOKMARK [1][-]{section.2.6}{\376\377\000N\000e\000a\000r\000-\000l\000i\000t\000t\000e\000r\000\040\000p\000e\000r\000m\000u\000t\000a\000t\000i\000o\000n\000s}{chapter.2}% 11
\BOOKMARK [0][-]{chapter.3}{\376\377\000T\000a\000n\000g\000l\000e\000d\000\040\000s\000t\000r\000u\000c\000t\000u\000r\000e}{}% 12
\BOOKMARK [1][-]{section.3.1}{\376\377\000E\000x\000t\000e\000n\000d\000e\000d\000\040\000t\000y\000p\000e\000\040\000i\000n\000d\000i\000c\000e\000s}{chapter.3}% 13
\BOOKMARK [1][-]{section.3.2}{\376\377\000P\000r\000e\000t\000a\000n\000g\000l\000e\000s}{chapter.3}% 14
\BOOKMARK [1][-]{section.3.3}{\376\377\000T\000r\000e\000e\000s}{chapter.3}% 15
\BOOKMARK [1][-]{section.3.4}{\376\377\000S\000t\000r\000u\000c\000t\000u\000r\000a\000l\000\040\000p\000e\000r\000m\000u\000t\000a\000t\000i\000o\000n\000s}{chapter.3}% 16
\BOOKMARK [1][-]{section.3.5}{\376\377\000S\000u\000p\000p\000o\000r\000t\000s\000\040\000a\000n\000d\000\040\000s\000u\000p\000p\000o\000r\000t\000\040\000c\000o\000n\000d\000i\000t\000i\000o\000n\000s}{chapter.3}% 17
\BOOKMARK [0][-]{chapter.4}{\376\377\000f\000-\000m\000a\000p\000s}{}% 18
\BOOKMARK [1][-]{section.4.1}{\376\377\000P\000o\000s\000i\000t\000i\000o\000n\000\040\000f\000u\000n\000c\000t\000i\000o\000n\000s}{chapter.4}% 19
\BOOKMARK [1][-]{section.4.2}{\376\377\000H\000y\000p\000o\000t\000h\000e\000s\000e\000s}{chapter.4}% 20
\BOOKMARK [1][-]{section.4.3}{\376\377\000C\000o\000n\000s\000t\000r\000u\000c\000t\000i\000o\000n}{chapter.4}% 21
\BOOKMARK [0][-]{chapter.5}{\376\377\000C\000o\000n\000s\000t\000r\000u\000c\000t\000i\000o\000n\000\040\000o\000f\000\040\000n\000e\000w\000\040\000t\000a\000n\000g\000l\000e\000s}{}% 22
\BOOKMARK [0][-]{chapter.6}{\376\377\000F\000r\000e\000e\000d\000o\000m\000\040\000o\000f\000\040\000a\000c\000t\000i\000o\000n}{}% 23
\BOOKMARK [1][-]{section.6.1}{\376\377\000B\000a\000s\000i\000c\000\040\000d\000e\000f\000i\000n\000i\000t\000i\000o\000n\000s\000\040\000a\000n\000d\000\040\000r\000e\000s\000u\000l\000t\000s}{chapter.6}% 24
\BOOKMARK [2][-]{subsection.6.1.1}{\376\377\000L\000o\000c\000a\000l\000\040\000p\000e\000r\000m\000u\000t\000a\000t\000i\000o\000n\000s}{section.6.1}% 25
\BOOKMARK [2][-]{subsection.6.1.2}{\376\377\000S\000u\000b\000l\000i\000t\000t\000e\000r\000s}{section.6.1}% 26
\BOOKMARK [2][-]{subsection.6.1.3}{\376\377\000H\000y\000p\000o\000t\000h\000e\000s\000e\000s}{section.6.1}% 27
\BOOKMARK [2][-]{subsection.6.1.4}{\376\377\000C\000o\000n\000s\000t\000r\000a\000i\000n\000t\000s}{section.6.1}% 28
\BOOKMARK [2][-]{subsection.6.1.5}{\376\377\000R\000e\000d\000u\000c\000t\000i\000o\000n\000s\000\040\000o\000f\000\040\000s\000u\000p\000p\000o\000r\000t\000s}{section.6.1}% 29
\BOOKMARK [2][-]{subsection.6.1.6}{\376\377\000F\000l\000e\000x\000i\000b\000i\000l\000i\000t\000y\000\040\000o\000f\000\040\000l\000i\000t\000t\000e\000r\000s}{section.6.1}% 30
\BOOKMARK [1][-]{section.6.2}{\376\377\000A\000p\000p\000r\000o\000x\000i\000m\000a\000t\000i\000o\000n\000s}{chapter.6}% 31
\BOOKMARK [2][-]{subsection.6.2.1}{\376\377\000N\000e\000a\000r\000-\000l\000i\000t\000t\000e\000r\000\040\000a\000p\000p\000r\000o\000x\000i\000m\000a\000t\000i\000o\000n\000s}{section.6.2}% 32
\BOOKMARK [2][-]{subsection.6.2.2}{\376\377\000S\000t\000r\000u\000c\000t\000u\000r\000a\000l\000\040\000a\000p\000p\000r\000o\000x\000i\000m\000a\000t\000i\000o\000n\000s}{section.6.2}% 33
\BOOKMARK [1][-]{section.6.3}{\376\377\000A\000c\000t\000i\000o\000n\000s}{chapter.6}% 34
\BOOKMARK [2][-]{subsection.6.3.1}{\376\377\000N\000e\000a\000r\000-\000l\000i\000t\000t\000e\000r\000\040\000a\000c\000t\000i\000o\000n\000s}{section.6.3}% 35
\BOOKMARK [2][-]{subsection.6.3.2}{\376\377\000S\000t\000r\000u\000c\000t\000u\000r\000a\000l\000\040\000a\000c\000t\000i\000o\000n\000s}{section.6.3}% 36
